*
* Visual Studio Code Server
*
* By using the software, you agree to
* the Visual Studio Code Server License Terms (https://aka.ms/vscode-server-license) and
* the Microsoft Privacy Statement (https://privacy.microsoft.com/en-US/privacystatement).
*
Server bound to 127.0.0.1:40578 (IPv4)
Extension host agent listening on 40578

[09:36:03] 




[09:36:03] Extension host agent started.
[09:36:03] [127.0.0.1][c0cecf0b][ManagementConnection] New connection established.
[09:36:03] [127.0.0.1][5b15ca68][ExtensionHostConnection] New connection established.
[09:36:03] [127.0.0.1][5b15ca68][ExtensionHostConnection] <61742> Launched Extension Host Process.
[IPC Library: Pty Host]  WARN Shell integration cannot be enabled for executable "/bin/sh" and args [
  '-c',
  'wget --version > /dev/null\n' +
    'if [ $? -eq 0 ]\n' +
    'then\n' +
    "\twget --connect-timeout=7 --tries=1 --dns-timeout=7 -q --header='Metadata:true' -O - http://169.254.169.254/metadata/instance?api-version=2019-03-11\n" +
    'else\n' +
    '\tcurl --version > /dev/null\n' +
    '\tif [ $? -eq 0 ]\n' +
    '\tthen\n' +
    "\t\tcurl --connect-timeout 7 -s --header='Metadata:true' http://169.254.169.254/metadata/instance?api-version=2019-03-11\n" +
    '\tfi\n' +
    'fi\n' +
    'exit 0'
]
[IPC Library: Pty Host]  WARN Shell integration cannot be enabled for executable "/bin/sh" and args [
  '-c',
  'wget --version > /dev/null\n' +
    'if [ $? -eq 0 ]\n' +
    'then\n' +
    '\twget --connect-timeout=7 --tries=1 --dns-timeout=7 -q  -O - http://169.254.169.254/latest/meta-data/instance-id\n' +
    'else\n' +
    '\tcurl --version > /dev/null\n' +
    '\tif [ $? -eq 0 ]\n' +
    '\tthen\n' +
    '\t\tcurl --connect-timeout 7 -s  http://169.254.169.254/latest/meta-data/instance-id\n' +
    '\tfi\n' +
    'fi\n' +
    'exit 0'
]
[IPC Library: Pty Host]  WARN Shell integration cannot be enabled for executable "/bin/sh" and args [
  '-c',
  'wget --version > /dev/null\n' +
    'if [ $? -eq 0 ]\n' +
    'then\n' +
    '\twget --connect-timeout=7 --tries=1 --dns-timeout=7 -q  -O - http://169.254.169.254/metadata/v1/id\n' +
    'else\n' +
    '\tcurl --version > /dev/null\n' +
    '\tif [ $? -eq 0 ]\n' +
    '\tthen\n' +
    '\t\tcurl --connect-timeout 7 -s  http://169.254.169.254/metadata/v1/id\n' +
    '\tfi\n' +
    'fi\n' +
    'exit 0'
]
[IPC Library: Pty Host]  WARN Shell integration cannot be enabled for executable "/bin/sh" and args [
  '-c',
  'wget --version > /dev/null\n' +
    'if [ $? -eq 0 ]\n' +
    'then\n' +
    "\twget --connect-timeout=7 --tries=1 --dns-timeout=7 -q --header='Metadata-Flavor:Google' -O - http://metadata.google.internal/computeMetadata/v1/instance/id\n" +
    'else\n' +
    '\tcurl --version > /dev/null\n' +
    '\tif [ $? -eq 0 ]\n' +
    '\tthen\n' +
    "\t\tcurl --connect-timeout 7 -s --header='Metadata-Flavor:Google' http://metadata.google.internal/computeMetadata/v1/instance/id\n" +
    '\tfi\n' +
    'fi\n' +
    'exit 0'
]
New EH opened, aborting shutdown
[09:41:03] New EH opened, aborting shutdown
[09:45:16] [127.0.0.1][c0cecf0b][ManagementConnection] The client has disconnected gracefully, so the connection will be disposed.
[09:45:16] No ptyHost heartbeat after 6 seconds
[09:45:16] [127.0.0.1][5b15ca68][ExtensionHostConnection] <61742> Extension Host Process exited with code: 0, signal: null.
Last EH closed, waiting before shutting down
[09:45:16] Last EH closed, waiting before shutting down
Got delay-shutdown request while in shutdown timeout, delaying
[09:45:48] Got delay-shutdown request while in shutdown timeout, delaying
Cancelling previous shutdown timeout
[09:45:48] Cancelling previous shutdown timeout
[09:45:49] [127.0.0.1][a2a06333][ManagementConnection] New connection established.
[09:45:49] [127.0.0.1][bc46fe8f][ExtensionHostConnection] New connection established.
[IPC Library: Pty Host]  WARN Couldn't get layout info, a terminal was probably disconnected Could not find pty on pty host
[09:45:49] [127.0.0.1][bc46fe8f][ExtensionHostConnection] <3361> Launched Extension Host Process.
[09:45:55] [127.0.0.1][9e9e9e17][ExtensionHostConnection] New connection established.
[09:45:55] [127.0.0.1][5e6d5430][ManagementConnection] New connection established.
[09:45:57] [127.0.0.1][9e9e9e17][ExtensionHostConnection] <3443> Launched Extension Host Process.
[IPC Library: Pty Host]  WARN Shell integration cannot be enabled for executable "/bin/sh" and args [
  '-c',
  'wget --version > /dev/null\n' +
    'if [ $? -eq 0 ]\n' +
    'then\n' +
    "\twget --connect-timeout=7 --tries=1 --dns-timeout=7 -q --header='Metadata:true' -O - http://169.254.169.254/metadata/instance?api-version=2019-03-11\n" +
    'else\n' +
    '\tcurl --version > /dev/null\n' +
    '\tif [ $? -eq 0 ]\n' +
    '\tthen\n' +
    "\t\tcurl --connect-timeout 7 -s --header='Metadata:true' http://169.254.169.254/metadata/instance?api-version=2019-03-11\n" +
    '\tfi\n' +
    'fi\n' +
    'exit 0'
]
[IPC Library: Pty Host]  WARN Shell integration cannot be enabled for executable "/bin/sh" and args [
  '-c',
  'wget --version > /dev/null\n' +
    'if [ $? -eq 0 ]\n' +
    'then\n' +
    '\twget --connect-timeout=7 --tries=1 --dns-timeout=7 -q  -O - http://169.254.169.254/latest/meta-data/instance-id\n' +
    'else\n' +
    '\tcurl --version > /dev/null\n' +
    '\tif [ $? -eq 0 ]\n' +
    '\tthen\n' +
    '\t\tcurl --connect-timeout 7 -s  http://169.254.169.254/latest/meta-data/instance-id\n' +
    '\tfi\n' +
    'fi\n' +
    'exit 0'
]
[IPC Library: Pty Host]  WARN Shell integration cannot be enabled for executable "/bin/sh" and args [
  '-c',
  'wget --version > /dev/null\n' +
    'if [ $? -eq 0 ]\n' +
    'then\n' +
    '\twget --connect-timeout=7 --tries=1 --dns-timeout=7 -q  -O - http://169.254.169.254/metadata/v1/id\n' +
    'else\n' +
    '\tcurl --version > /dev/null\n' +
    '\tif [ $? -eq 0 ]\n' +
    '\tthen\n' +
    '\t\tcurl --connect-timeout 7 -s  http://169.254.169.254/metadata/v1/id\n' +
    '\tfi\n' +
    'fi\n' +
    'exit 0'
]
[IPC Library: Pty Host]  WARN Shell integration cannot be enabled for executable "/bin/sh" and args [
  '-c',
  'wget --version > /dev/null\n' +
    'if [ $? -eq 0 ]\n' +
    'then\n' +
    "\twget --connect-timeout=7 --tries=1 --dns-timeout=7 -q --header='Metadata-Flavor:Google' -O - http://metadata.google.internal/computeMetadata/v1/instance/id\n" +
    'else\n' +
    '\tcurl --version > /dev/null\n' +
    '\tif [ $? -eq 0 ]\n' +
    '\tthen\n' +
    "\t\tcurl --connect-timeout 7 -s --header='Metadata-Flavor:Google' http://metadata.google.internal/computeMetadata/v1/instance/id\n" +
    '\tfi\n' +
    'fi\n' +
    'exit 0'
]
[IPC Library: Pty Host]  WARN Shell integration cannot be enabled for executable "/bin/sh" and args [
  '-c',
  'wget --version > /dev/null\n' +
    'if [ $? -eq 0 ]\n' +
    'then\n' +
    "\twget --connect-timeout=7 --tries=1 --dns-timeout=7 -q --header='Metadata:true' -O - http://169.254.169.254/metadata/instance?api-version=2019-03-11\n" +
    'else\n' +
    '\tcurl --version > /dev/null\n' +
    '\tif [ $? -eq 0 ]\n' +
    '\tthen\n' +
    "\t\tcurl --connect-timeout 7 -s --header='Metadata:true' http://169.254.169.254/metadata/instance?api-version=2019-03-11\n" +
    '\tfi\n' +
    'fi\n' +
    'exit 0'
]
[IPC Library: Pty Host]  WARN Shell integration cannot be enabled for executable "/bin/sh" and args [
  '-c',
  'wget --version > /dev/null\n' +
    'if [ $? -eq 0 ]\n' +
    'then\n' +
    '\twget --connect-timeout=7 --tries=1 --dns-timeout=7 -q  -O - http://169.254.169.254/metadata/v1/id\n' +
    'else\n' +
    '\tcurl --version > /dev/null\n' +
    '\tif [ $? -eq 0 ]\n' +
    '\tthen\n' +
    '\t\tcurl --connect-timeout 7 -s  http://169.254.169.254/metadata/v1/id\n' +
    '\tfi\n' +
    'fi\n' +
    'exit 0'
]
[IPC Library: Pty Host]  WARN Shell integration cannot be enabled for executable "/bin/sh" and args [
  '-c',
  'wget --version > /dev/null\n' +
    'if [ $? -eq 0 ]\n' +
    'then\n' +
    '\twget --connect-timeout=7 --tries=1 --dns-timeout=7 -q  -O - http://169.254.169.254/latest/meta-data/instance-id\n' +
    'else\n' +
    '\tcurl --version > /dev/null\n' +
    '\tif [ $? -eq 0 ]\n' +
    '\tthen\n' +
    '\t\tcurl --connect-timeout 7 -s  http://169.254.169.254/latest/meta-data/instance-id\n' +
    '\tfi\n' +
    'fi\n' +
    'exit 0'
]
[IPC Library: Pty Host]  WARN Shell integration cannot be enabled for executable "/bin/sh" and args [
  '-c',
  'wget --version > /dev/null\n' +
    'if [ $? -eq 0 ]\n' +
    'then\n' +
    "\twget --connect-timeout=7 --tries=1 --dns-timeout=7 -q --header='Metadata-Flavor:Google' -O - http://metadata.google.internal/computeMetadata/v1/instance/id\n" +
    'else\n' +
    '\tcurl --version > /dev/null\n' +
    '\tif [ $? -eq 0 ]\n' +
    '\tthen\n' +
    "\t\tcurl --connect-timeout 7 -s --header='Metadata-Flavor:Google' http://metadata.google.internal/computeMetadata/v1/instance/id\n" +
    '\tfi\n' +
    'fi\n' +
    'exit 0'
]
rejected promise not handled within 1 second: CodeExpectedError: Could not find pty on pty host
stack trace: CodeExpectedError: Could not find pty on pty host
    at S.L (/home/sl2/S4005332/.vscode-server/bin/441438abd1ac652551dbe4d408dfcec8a499b8bf/out/vs/platform/terminal/node/ptyHostMain.js:27:6839)
    at S.updateTitle (/home/sl2/S4005332/.vscode-server/bin/441438abd1ac652551dbe4d408dfcec8a499b8bf/out/vs/platform/terminal/node/ptyHostMain.js:27:2630)
    at Object.call (/home/sl2/S4005332/.vscode-server/bin/441438abd1ac652551dbe4d408dfcec8a499b8bf/out/vs/platform/terminal/node/ptyHostMain.js:17:5043)
    at r.s (/home/sl2/S4005332/.vscode-server/bin/441438abd1ac652551dbe4d408dfcec8a499b8bf/out/vs/platform/terminal/node/ptyHostMain.js:15:5412)
    at r.q (/home/sl2/S4005332/.vscode-server/bin/441438abd1ac652551dbe4d408dfcec8a499b8bf/out/vs/platform/terminal/node/ptyHostMain.js:15:4915)
    at /home/sl2/S4005332/.vscode-server/bin/441438abd1ac652551dbe4d408dfcec8a499b8bf/out/vs/platform/terminal/node/ptyHostMain.js:15:4326
    at invoke (/home/sl2/S4005332/.vscode-server/bin/441438abd1ac652551dbe4d408dfcec8a499b8bf/out/vs/platform/terminal/node/ptyHostMain.js:11:145)
    at E.deliver (/home/sl2/S4005332/.vscode-server/bin/441438abd1ac652551dbe4d408dfcec8a499b8bf/out/vs/platform/terminal/node/ptyHostMain.js:11:2033)
    at c.fire (/home/sl2/S4005332/.vscode-server/bin/441438abd1ac652551dbe4d408dfcec8a499b8bf/out/vs/platform/terminal/node/ptyHostMain.js:11:1671)
    at process.F (/home/sl2/S4005332/.vscode-server/bin/441438abd1ac652551dbe4d408dfcec8a499b8bf/out/vs/platform/terminal/node/ptyHostMain.js:9:20881)
    at process.emit (node:events:526:28)
    at emit (node:internal/child_process:938:14)
    at processTicksAndRejections (node:internal/process/task_queues:84:21)
[09:46:26] Error [CodeExpectedError]: Could not find pty on pty host
    at S.L (/home/sl2/S4005332/.vscode-server/bin/441438abd1ac652551dbe4d408dfcec8a499b8bf/out/vs/platform/terminal/node/ptyHostMain.js:27:6839)
    at S.updateTitle (/home/sl2/S4005332/.vscode-server/bin/441438abd1ac652551dbe4d408dfcec8a499b8bf/out/vs/platform/terminal/node/ptyHostMain.js:27:2630)
    at Object.call (/home/sl2/S4005332/.vscode-server/bin/441438abd1ac652551dbe4d408dfcec8a499b8bf/out/vs/platform/terminal/node/ptyHostMain.js:17:5043)
    at r.s (/home/sl2/S4005332/.vscode-server/bin/441438abd1ac652551dbe4d408dfcec8a499b8bf/out/vs/platform/terminal/node/ptyHostMain.js:15:5412)
    at r.q (/home/sl2/S4005332/.vscode-server/bin/441438abd1ac652551dbe4d408dfcec8a499b8bf/out/vs/platform/terminal/node/ptyHostMain.js:15:4915)
    at /home/sl2/S4005332/.vscode-server/bin/441438abd1ac652551dbe4d408dfcec8a499b8bf/out/vs/platform/terminal/node/ptyHostMain.js:15:4326
    at invoke (/home/sl2/S4005332/.vscode-server/bin/441438abd1ac652551dbe4d408dfcec8a499b8bf/out/vs/platform/terminal/node/ptyHostMain.js:11:145)
    at E.deliver (/home/sl2/S4005332/.vscode-server/bin/441438abd1ac652551dbe4d408dfcec8a499b8bf/out/vs/platform/terminal/node/ptyHostMain.js:11:2033)
    at c.fire (/home/sl2/S4005332/.vscode-server/bin/441438abd1ac652551dbe4d408dfcec8a499b8bf/out/vs/platform/terminal/node/ptyHostMain.js:11:1671)
    at process.F (/home/sl2/S4005332/.vscode-server/bin/441438abd1ac652551dbe4d408dfcec8a499b8bf/out/vs/platform/terminal/node/ptyHostMain.js:9:20881)
    at process.emit (node:events:526:28)
    at emit (node:internal/child_process:938:14)
    at processTicksAndRejections (node:internal/process/task_queues:84:21)
[09:46:37] [127.0.0.1][a2a06333][ManagementConnection] The client has disconnected gracefully, so the connection will be disposed.
[09:46:51] [127.0.0.1][5e6d5430][ManagementConnection] The client has disconnected gracefully, so the connection will be disposed.
[09:46:51] [127.0.0.1][d7b35230][ManagementConnection] New connection established.
[09:46:51] [127.0.0.1][44f15055][ExtensionHostConnection] New connection established.
[09:46:53] [127.0.0.1][44f15055][ExtensionHostConnection] <4278> Launched Extension Host Process.
[09:46:53] [127.0.0.1][9e9e9e17][ExtensionHostConnection] <3443> Extension Host Process exited with code: 0, signal: null.
Cancelling previous shutdown timeout
[09:46:53] Cancelling previous shutdown timeout
[IPC Library: Pty Host]  WARN Shell integration cannot be enabled for executable "/bin/sh" and args [
  '-c',
  'wget --version > /dev/null\n' +
    'if [ $? -eq 0 ]\n' +
    'then\n' +
    "\twget --connect-timeout=7 --tries=1 --dns-timeout=7 -q --header='Metadata:true' -O - http://169.254.169.254/metadata/instance?api-version=2019-03-11\n" +
    'else\n' +
    '\tcurl --version > /dev/null\n' +
    '\tif [ $? -eq 0 ]\n' +
    '\tthen\n' +
    "\t\tcurl --connect-timeout 7 -s --header='Metadata:true' http://169.254.169.254/metadata/instance?api-version=2019-03-11\n" +
    '\tfi\n' +
    'fi\n' +
    'exit 0'
]
[IPC Library: Pty Host]  WARN Shell integration cannot be enabled for executable "/bin/sh" and args [
  '-c',
  'wget --version > /dev/null\n' +
    'if [ $? -eq 0 ]\n' +
    'then\n' +
    '\twget --connect-timeout=7 --tries=1 --dns-timeout=7 -q  -O - http://169.254.169.254/latest/meta-data/instance-id\n' +
    'else\n' +
    '\tcurl --version > /dev/null\n' +
    '\tif [ $? -eq 0 ]\n' +
    '\tthen\n' +
    '\t\tcurl --connect-timeout 7 -s  http://169.254.169.254/latest/meta-data/instance-id\n' +
    '\tfi\n' +
    'fi\n' +
    'exit 0'
]
[IPC Library: Pty Host]  WARN Shell integration cannot be enabled for executable "/bin/sh" and args [
  '-c',
  'wget --version > /dev/null\n' +
    'if [ $? -eq 0 ]\n' +
    'then\n' +
    '\twget --connect-timeout=7 --tries=1 --dns-timeout=7 -q  -O - http://169.254.169.254/metadata/v1/id\n' +
    'else\n' +
    '\tcurl --version > /dev/null\n' +
    '\tif [ $? -eq 0 ]\n' +
    '\tthen\n' +
    '\t\tcurl --connect-timeout 7 -s  http://169.254.169.254/metadata/v1/id\n' +
    '\tfi\n' +
    'fi\n' +
    'exit 0'
]
[IPC Library: Pty Host]  WARN Shell integration cannot be enabled for executable "/bin/sh" and args [
  '-c',
  'wget --version > /dev/null\n' +
    'if [ $? -eq 0 ]\n' +
    'then\n' +
    "\twget --connect-timeout=7 --tries=1 --dns-timeout=7 -q --header='Metadata-Flavor:Google' -O - http://metadata.google.internal/computeMetadata/v1/instance/id\n" +
    'else\n' +
    '\tcurl --version > /dev/null\n' +
    '\tif [ $? -eq 0 ]\n' +
    '\tthen\n' +
    "\t\tcurl --connect-timeout 7 -s --header='Metadata-Flavor:Google' http://metadata.google.internal/computeMetadata/v1/instance/id\n" +
    '\tfi\n' +
    'fi\n' +
    'exit 0'
]
[09:47:05] No ptyHost heartbeat after 6 seconds
[09:51:53] [127.0.0.1][bc46fe8f][ExtensionHostConnection] <3361> Extension Host Process exited with code: 0, signal: null.
